-------------------------------------------------------------------------------
Test set: calc.AppTest
-------------------------------------------------------------------------------
Tests run: 1, Failures: 1, Errors: 0, Skipped: 0, Time elapsed: 0.06 s <<< FAILURE! - in calc.AppTest
shouldAnswerWithTrue(calc.AppTest)  Time elapsed: 0.011 s  <<< FAILURE!
java.lang.AssertionError: expected:<6> but was:<5>
	at calc.AppTest.shouldAnswerWithTrue(AppTest.java:20)

