<?xml version="1.0" encoding="UTF-8"?>
<testsuite xmlns:xsi="http://www.w3.org/2001/XMLSchema-instance" xsi:noNamespaceSchemaLocation="https://maven.apache.org/surefire/maven-surefire-plugin/xsd/surefire-test-report.xsd" name="calc.AppTest" time="0.06" tests="1" errors="0" skipped="0" failures="1">
  <properties>
[...]
</properties>
  <testcase name="shouldAnswerWithTrue" classname="calc.AppTest" time="0.011">
    <failure message="expected:&lt;6&gt; but was:&lt;5&gt;" type="java.lang.AssertionError"><![CDATA[java.lang.AssertionError: expected:<6> but was:<5>
	at calc.AppTest.shouldAnswerWithTrue(AppTest.java:20)
]]></failure>
  </testcase>
</testsuite>